<?xml version="1.0" encoding="UTF-8"?>
<!-- Generated by org.testng.reporters.JUnitReportReporter -->
<testsuite hostname="DESKTOP-AIAMBOH" failures="0" tests="2" name="tests.LoginTest" time="8.154" errors="0" timestamp="01 Feb. 2021 01:45:57 GMT" skipped="0">
  <testcase classname="tests.LoginTest" name="verifyLogoutSuccess" time="2.923"/>
  <testcase classname="tests.LoginTest" name="loginTest" time="5.231"/>
</testsuite> <!-- tests.LoginTest -->
